2013/02/11 05:24:01 [error] [exception.CHttpException.403] exception 'CHttpException' with message 'You are not allowed to access this page.' in C:\wamp\www\web\yiisite\framework\gii\GiiModule.php:168
Stack trace:
#0 C:\wamp\www\web\yiisite\framework\web\CController.php(263): GiiModule->beforeControllerAction(Object(DefaultController), Object(CInlineAction))
#1 C:\wamp\www\web\yiisite\framework\web\CWebApplication.php(282): CController->run('')
#2 C:\wamp\www\web\yiisite\framework\web\CWebApplication.php(141): CWebApplication->runController('gii')
#3 C:\wamp\www\web\yiisite\framework\base\CApplication.php(169): CWebApplication->processRequest()
#4 C:\wamp\www\web\MyChoralRep\index.php(13): CApplication->run()
#5 {main}
REQUEST_URI=/web/mychoralrep/index.php?r=gii
---
2013/02/11 05:26:00 [error] [exception.CHttpException.403] exception 'CHttpException' with message 'You are not allowed to access this page.' in C:\wamp\www\web\yiisite\framework\gii\GiiModule.php:168
Stack trace:
#0 C:\wamp\www\web\yiisite\framework\web\CController.php(263): GiiModule->beforeControllerAction(Object(DefaultController), Object(CInlineAction))
#1 C:\wamp\www\web\yiisite\framework\web\CWebApplication.php(282): CController->run('')
#2 C:\wamp\www\web\yiisite\framework\web\CWebApplication.php(141): CWebApplication->runController('gii')
#3 C:\wamp\www\web\yiisite\framework\base\CApplication.php(169): CWebApplication->processRequest()
#4 C:\wamp\www\web\MyChoralRep\index.php(13): CApplication->run()
#5 {main}
REQUEST_URI=/web/mychoralrep/index.php?r=gii
---
2013/02/11 05:26:01 [error] [exception.CHttpException.403] exception 'CHttpException' with message 'You are not allowed to access this page.' in C:\wamp\www\web\yiisite\framework\gii\GiiModule.php:168
Stack trace:
#0 C:\wamp\www\web\yiisite\framework\web\CController.php(263): GiiModule->beforeControllerAction(Object(DefaultController), Object(CInlineAction))
#1 C:\wamp\www\web\yiisite\framework\web\CWebApplication.php(282): CController->run('')
#2 C:\wamp\www\web\yiisite\framework\web\CWebApplication.php(141): CWebApplication->runController('gii')
#3 C:\wamp\www\web\yiisite\framework\base\CApplication.php(169): CWebApplication->processRequest()
#4 C:\wamp\www\web\MyChoralRep\index.php(13): CApplication->run()
#5 {main}
REQUEST_URI=/web/mychoralrep/index.php?r=gii
---
2013/02/11 05:26:34 [error] [exception.CHttpException.403] exception 'CHttpException' with message 'You are not allowed to access this page.' in C:\wamp\www\web\yiisite\framework\gii\GiiModule.php:168
Stack trace:
#0 C:\wamp\www\web\yiisite\framework\web\CController.php(263): GiiModule->beforeControllerAction(Object(DefaultController), Object(CInlineAction))
#1 C:\wamp\www\web\yiisite\framework\web\CWebApplication.php(282): CController->run('')
#2 C:\wamp\www\web\yiisite\framework\web\CWebApplication.php(141): CWebApplication->runController('gii')
#3 C:\wamp\www\web\yiisite\framework\base\CApplication.php(169): CWebApplication->processRequest()
#4 C:\wamp\www\web\MyChoralRep\index.php(13): CApplication->run()
#5 {main}
REQUEST_URI=/web/MyChoralRep/index.php?r=gii
---
2013/02/11 05:27:07 [error] [exception.CHttpException.404] exception 'CHttpException' with message 'Unable to resolve the request "giidefault/login".' in C:\wamp\www\web\yiisite\framework\web\CWebApplication.php:286
Stack trace:
#0 C:\wamp\www\web\yiisite\framework\web\CWebApplication.php(141): CWebApplication->runController('giidefault/logi...')
#1 C:\wamp\www\web\yiisite\framework\base\CApplication.php(169): CWebApplication->processRequest()
#2 C:\wamp\www\web\MyChoralRep\index.php(13): CApplication->run()
#3 {main}
REQUEST_URI=/web/mychoralrep/index.php?r=giidefault/login
---
2013/02/11 05:27:11 [error] [exception.CHttpException.403] exception 'CHttpException' with message 'You are not allowed to access this page.' in C:\wamp\www\web\yiisite\framework\gii\GiiModule.php:168
Stack trace:
#0 C:\wamp\www\web\yiisite\framework\web\CController.php(263): GiiModule->beforeControllerAction(Object(DefaultController), Object(CInlineAction))
#1 C:\wamp\www\web\yiisite\framework\web\CWebApplication.php(282): CController->run('')
#2 C:\wamp\www\web\yiisite\framework\web\CWebApplication.php(141): CWebApplication->runController('gii')
#3 C:\wamp\www\web\yiisite\framework\base\CApplication.php(169): CWebApplication->processRequest()
#4 C:\wamp\www\web\MyChoralRep\index.php(13): CApplication->run()
#5 {main}
REQUEST_URI=/web/mychoralrep/index.php?r=gii
---
2013/02/11 05:27:16 [error] [exception.CHttpException.403] exception 'CHttpException' with message 'You are not allowed to access this page.' in C:\wamp\www\web\yiisite\framework\gii\GiiModule.php:168
Stack trace:
#0 C:\wamp\www\web\yiisite\framework\web\CController.php(263): GiiModule->beforeControllerAction(Object(DefaultController), Object(CInlineAction))
#1 C:\wamp\www\web\yiisite\framework\web\CWebApplication.php(282): CController->run('')
#2 C:\wamp\www\web\yiisite\framework\web\CWebApplication.php(141): CWebApplication->runController('gii')
#3 C:\wamp\www\web\yiisite\framework\base\CApplication.php(169): CWebApplication->processRequest()
#4 C:\wamp\www\web\MyChoralRep\index.php(13): CApplication->run()
#5 {main}
REQUEST_URI=/web/mychoralrep/index.php?r=gii
---
2013/02/11 05:27:17 [error] [exception.CHttpException.404] exception 'CHttpException' with message 'Unable to resolve the request "giidefault/login".' in C:\wamp\www\web\yiisite\framework\web\CWebApplication.php:286
Stack trace:
#0 C:\wamp\www\web\yiisite\framework\web\CWebApplication.php(141): CWebApplication->runController('giidefault/logi...')
#1 C:\wamp\www\web\yiisite\framework\base\CApplication.php(169): CWebApplication->processRequest()
#2 C:\wamp\www\web\MyChoralRep\index.php(13): CApplication->run()
#3 {main}
REQUEST_URI=/web/mychoralrep/index.php?r=giidefault/login
---
2013/02/11 05:27:23 [error] [exception.CHttpException.403] exception 'CHttpException' with message 'You are not allowed to access this page.' in C:\wamp\www\web\yiisite\framework\gii\GiiModule.php:168
Stack trace:
#0 C:\wamp\www\web\yiisite\framework\web\CController.php(263): GiiModule->beforeControllerAction(Object(DefaultController), Object(CInlineAction))
#1 C:\wamp\www\web\yiisite\framework\web\CWebApplication.php(282): CController->run('login')
#2 C:\wamp\www\web\yiisite\framework\web\CWebApplication.php(141): CWebApplication->runController('gii/default/log...')
#3 C:\wamp\www\web\yiisite\framework\base\CApplication.php(169): CWebApplication->processRequest()
#4 C:\wamp\www\web\MyChoralRep\index.php(13): CApplication->run()
#5 {main}
REQUEST_URI=/web/mychoralrep/index.php?r=gii/default/login
---
2013/02/11 05:27:31 [error] [exception.CHttpException.403] exception 'CHttpException' with message 'You are not allowed to access this page.' in C:\wamp\www\web\yiisite\framework\gii\GiiModule.php:168
Stack trace:
#0 C:\wamp\www\web\yiisite\framework\web\CController.php(263): GiiModule->beforeControllerAction(Object(DefaultController), Object(CInlineAction))
#1 C:\wamp\www\web\yiisite\framework\web\CWebApplication.php(282): CController->run('login')
#2 C:\wamp\www\web\yiisite\framework\web\CWebApplication.php(141): CWebApplication->runController('gii/default/log...')
#3 C:\wamp\www\web\yiisite\framework\base\CApplication.php(169): CWebApplication->processRequest()
#4 C:\wamp\www\web\MyChoralRep\index.php(13): CApplication->run()
#5 {main}
REQUEST_URI=/web/mychoralrep/index.php?r=gii/default/login
---
2013/02/11 05:27:35 [error] [exception.CHttpException.403] exception 'CHttpException' with message 'You are not allowed to access this page.' in C:\wamp\www\web\yiisite\framework\gii\GiiModule.php:168
Stack trace:
#0 C:\wamp\www\web\yiisite\framework\web\CController.php(263): GiiModule->beforeControllerAction(Object(DefaultController), Object(CInlineAction))
#1 C:\wamp\www\web\yiisite\framework\web\CWebApplication.php(282): CController->run('login')
#2 C:\wamp\www\web\yiisite\framework\web\CWebApplication.php(141): CWebApplication->runController('gii/default/log...')
#3 C:\wamp\www\web\yiisite\framework\base\CApplication.php(169): CWebApplication->processRequest()
#4 C:\wamp\www\web\MyChoralRep\index.php(13): CApplication->run()
#5 {main}
REQUEST_URI=/web/mychoralrep/index.php?r=gii/default/login
---
2013/02/11 05:28:30 [error] [exception.CHttpException.403] exception 'CHttpException' with message 'You are not allowed to access this page.' in C:\wamp\www\web\yiisite\framework\gii\GiiModule.php:168
Stack trace:
#0 C:\wamp\www\web\yiisite\framework\web\CController.php(263): GiiModule->beforeControllerAction(Object(DefaultController), Object(CInlineAction))
#1 C:\wamp\www\web\yiisite\framework\web\CWebApplication.php(282): CController->run('login')
#2 C:\wamp\www\web\yiisite\framework\web\CWebApplication.php(141): CWebApplication->runController('gii/default/log...')
#3 C:\wamp\www\web\yiisite\framework\base\CApplication.php(169): CWebApplication->processRequest()
#4 C:\wamp\www\web\MyChoralRep\index.php(13): CApplication->run()
#5 {main}
REQUEST_URI=/web/mychoralrep/index.php?r=gii/default/login
---
2013/02/11 05:29:25 [error] [exception.CHttpException.403] exception 'CHttpException' with message 'You are not allowed to access this page.' in C:\wamp\www\web\yiisite\framework\gii\GiiModule.php:168
Stack trace:
#0 C:\wamp\www\web\yiisite\framework\web\CController.php(263): GiiModule->beforeControllerAction(Object(DefaultController), Object(CInlineAction))
#1 C:\wamp\www\web\yiisite\framework\web\CWebApplication.php(282): CController->run('login')
#2 C:\wamp\www\web\yiisite\framework\web\CWebApplication.php(141): CWebApplication->runController('gii/default/log...')
#3 C:\wamp\www\web\yiisite\framework\base\CApplication.php(169): CWebApplication->processRequest()
#4 C:\wamp\www\web\MyChoralRep\index.php(13): CApplication->run()
#5 {main}
REQUEST_URI=/web/mychoralrep/index.php?r=gii/default/login
---
2013/02/11 05:29:27 [error] [exception.CHttpException.403] exception 'CHttpException' with message 'You are not allowed to access this page.' in C:\wamp\www\web\yiisite\framework\gii\GiiModule.php:168
Stack trace:
#0 C:\wamp\www\web\yiisite\framework\web\CController.php(263): GiiModule->beforeControllerAction(Object(DefaultController), Object(CInlineAction))
#1 C:\wamp\www\web\yiisite\framework\web\CWebApplication.php(282): CController->run('login')
#2 C:\wamp\www\web\yiisite\framework\web\CWebApplication.php(141): CWebApplication->runController('gii/default/log...')
#3 C:\wamp\www\web\yiisite\framework\base\CApplication.php(169): CWebApplication->processRequest()
#4 C:\wamp\www\web\MyChoralRep\index.php(13): CApplication->run()
#5 {main}
REQUEST_URI=/web/mychoralrep/index.php?r=gii/default/login
---
2013/02/11 05:29:31 [error] [exception.CHttpException.403] exception 'CHttpException' with message 'You are not allowed to access this page.' in C:\wamp\www\web\yiisite\framework\gii\GiiModule.php:168
Stack trace:
#0 C:\wamp\www\web\yiisite\framework\web\CController.php(263): GiiModule->beforeControllerAction(Object(DefaultController), Object(CInlineAction))
#1 C:\wamp\www\web\yiisite\framework\web\CWebApplication.php(282): CController->run('')
#2 C:\wamp\www\web\yiisite\framework\web\CWebApplication.php(141): CWebApplication->runController('gii')
#3 C:\wamp\www\web\yiisite\framework\base\CApplication.php(169): CWebApplication->processRequest()
#4 C:\wamp\www\web\MyChoralRep\index.php(13): CApplication->run()
#5 {main}
REQUEST_URI=/web/mychoralrep/index.php?r=gii
---
2013/02/11 05:32:32 [error] [exception.CHttpException.403] exception 'CHttpException' with message 'You are not allowed to access this page.' in C:\wamp\www\web\yiisite\framework\gii\GiiModule.php:168
Stack trace:
#0 C:\wamp\www\web\yiisite\framework\web\CController.php(263): GiiModule->beforeControllerAction(Object(DefaultController), Object(CInlineAction))
#1 C:\wamp\www\web\yiisite\framework\web\CWebApplication.php(282): CController->run('')
#2 C:\wamp\www\web\yiisite\framework\web\CWebApplication.php(141): CWebApplication->runController('gii')
#3 C:\wamp\www\web\yiisite\framework\base\CApplication.php(169): CWebApplication->processRequest()
#4 C:\wamp\www\web\MyChoralRep\index.php(13): CApplication->run()
#5 {main}
REQUEST_URI=/web/mychoralrep/index.php?r=gii
---
2013/02/11 05:32:33 [error] [exception.CHttpException.403] exception 'CHttpException' with message 'You are not allowed to access this page.' in C:\wamp\www\web\yiisite\framework\gii\GiiModule.php:168
Stack trace:
#0 C:\wamp\www\web\yiisite\framework\web\CController.php(263): GiiModule->beforeControllerAction(Object(DefaultController), Object(CInlineAction))
#1 C:\wamp\www\web\yiisite\framework\web\CWebApplication.php(282): CController->run('login')
#2 C:\wamp\www\web\yiisite\framework\web\CWebApplication.php(141): CWebApplication->runController('gii/default/log...')
#3 C:\wamp\www\web\yiisite\framework\base\CApplication.php(169): CWebApplication->processRequest()
#4 C:\wamp\www\web\MyChoralRep\index.php(13): CApplication->run()
#5 {main}
REQUEST_URI=/web/mychoralrep/index.php?r=gii/default/login
---
2013/02/11 05:32:34 [error] [exception.CHttpException.404] exception 'CHttpException' with message 'Unable to resolve the request "giidefault/login".' in C:\wamp\www\web\yiisite\framework\web\CWebApplication.php:286
Stack trace:
#0 C:\wamp\www\web\yiisite\framework\web\CWebApplication.php(141): CWebApplication->runController('giidefault/logi...')
#1 C:\wamp\www\web\yiisite\framework\base\CApplication.php(169): CWebApplication->processRequest()
#2 C:\wamp\www\web\MyChoralRep\index.php(13): CApplication->run()
#3 {main}
REQUEST_URI=/web/mychoralrep/index.php?r=giidefault/login
---
2013/02/11 05:32:34 [error] [exception.CHttpException.403] exception 'CHttpException' with message 'You are not allowed to access this page.' in C:\wamp\www\web\yiisite\framework\gii\GiiModule.php:168
Stack trace:
#0 C:\wamp\www\web\yiisite\framework\web\CController.php(263): GiiModule->beforeControllerAction(Object(DefaultController), Object(CInlineAction))
#1 C:\wamp\www\web\yiisite\framework\web\CWebApplication.php(282): CController->run('')
#2 C:\wamp\www\web\yiisite\framework\web\CWebApplication.php(141): CWebApplication->runController('gii')
#3 C:\wamp\www\web\yiisite\framework\base\CApplication.php(169): CWebApplication->processRequest()
#4 C:\wamp\www\web\MyChoralRep\index.php(13): CApplication->run()
#5 {main}
REQUEST_URI=/web/mychoralrep/index.php?r=gii
---
2013/02/11 06:33:34 [error] [exception.CHttpException.404] exception 'CHttpException' with message 'Unable to resolve the request "register".' in C:\wamp\www\web\yiisite\framework\web\CWebApplication.php:286
Stack trace:
#0 C:\wamp\www\web\yiisite\framework\web\CWebApplication.php(141): CWebApplication->runController('register')
#1 C:\wamp\www\web\yiisite\framework\base\CApplication.php(169): CWebApplication->processRequest()
#2 C:\wamp\www\web\MyChoralRep\index.php(13): CApplication->run()
#3 {main}
REQUEST_URI=/web/mychoralrep/index.php?r=register
---
2013/02/11 07:05:18 [error] [exception.CException] exception 'CException' with message 'CActiveForm and its behaviors do not have a method or closure named "activeFileField".' in C:\wamp\www\web\yiisite\framework\base\CComponent.php:265
Stack trace:
#0 C:\wamp\www\web\MyChoralRep\protected\views\site\register.php(53): CComponent->__call('activeFileField', Array)
#1 C:\wamp\www\web\MyChoralRep\protected\views\site\register.php(53): CActiveForm->activeFileField(Object(Members), 'imagelocation')
#2 C:\wamp\www\web\yiisite\framework\web\CBaseController.php(126): require('C:\wamp\www\web...')
#3 C:\wamp\www\web\yiisite\framework\web\CBaseController.php(95): CBaseController->renderInternal('C:\wamp\www\web...', Array, true)
#4 C:\wamp\www\web\yiisite\framework\web\CController.php(869): CBaseController->renderFile('C:\wamp\www\web...', Array, true)
#5 C:\wamp\www\web\yiisite\framework\web\CController.php(782): CController->renderPartial('register', Array, true)
#6 C:\wamp\www\web\MyChoralRep\protected\controllers\SiteController.php(133): CController->render('register', Array)
#7 C:\wamp\www\web\yiisite\framework\web\actions\CInlineAction.php(49): SiteController->actionRegister()
#8 C:\wamp\www\web\yiisite\framework\web\CController.php(308): CInlineAction->runWithParams(Array)
#9 C:\wamp\www\web\yiisite\framework\web\CController.php(286): CController->runAction(Object(CInlineAction))
#10 C:\wamp\www\web\yiisite\framework\web\CController.php(265): CController->runActionWithFilters(Object(CInlineAction), Array)
#11 C:\wamp\www\web\yiisite\framework\web\CWebApplication.php(282): CController->run('register')
#12 C:\wamp\www\web\yiisite\framework\web\CWebApplication.php(141): CWebApplication->runController('site/register')
#13 C:\wamp\www\web\yiisite\framework\base\CApplication.php(169): CWebApplication->processRequest()
#14 C:\wamp\www\web\MyChoralRep\index.php(13): CApplication->run()
#15 {main}
REQUEST_URI=/web/mychoralrep/index.php?r=site/register
---
2013/02/11 07:05:29 [error] [exception.CException] exception 'CException' with message 'CActiveForm and its behaviors do not have a method or closure named "activeFileField".' in C:\wamp\www\web\yiisite\framework\base\CComponent.php:265
Stack trace:
#0 C:\wamp\www\web\MyChoralRep\protected\views\site\register.php(53): CComponent->__call('activeFileField', Array)
#1 C:\wamp\www\web\MyChoralRep\protected\views\site\register.php(53): CActiveForm->activeFileField(Object(Members), 'imagelocation')
#2 C:\wamp\www\web\yiisite\framework\web\CBaseController.php(126): require('C:\wamp\www\web...')
#3 C:\wamp\www\web\yiisite\framework\web\CBaseController.php(95): CBaseController->renderInternal('C:\wamp\www\web...', Array, true)
#4 C:\wamp\www\web\yiisite\framework\web\CController.php(869): CBaseController->renderFile('C:\wamp\www\web...', Array, true)
#5 C:\wamp\www\web\yiisite\framework\web\CController.php(782): CController->renderPartial('register', Array, true)
#6 C:\wamp\www\web\MyChoralRep\protected\controllers\SiteController.php(133): CController->render('register', Array)
#7 C:\wamp\www\web\yiisite\framework\web\actions\CInlineAction.php(49): SiteController->actionRegister()
#8 C:\wamp\www\web\yiisite\framework\web\CController.php(308): CInlineAction->runWithParams(Array)
#9 C:\wamp\www\web\yiisite\framework\web\CController.php(286): CController->runAction(Object(CInlineAction))
#10 C:\wamp\www\web\yiisite\framework\web\CController.php(265): CController->runActionWithFilters(Object(CInlineAction), Array)
#11 C:\wamp\www\web\yiisite\framework\web\CWebApplication.php(282): CController->run('register')
#12 C:\wamp\www\web\yiisite\framework\web\CWebApplication.php(141): CWebApplication->runController('site/register')
#13 C:\wamp\www\web\yiisite\framework\base\CApplication.php(169): CWebApplication->processRequest()
#14 C:\wamp\www\web\MyChoralRep\index.php(13): CApplication->run()
#15 {main}
REQUEST_URI=/web/mychoralrep/index.php?r=site/register
---
2013/02/12 03:02:44 [error] [exception.CHttpException.404] exception 'CHttpException' with message 'The system is unable to find the requested action "main".' in C:\wamp\www\web\yiisite\framework\web\CController.php:483
Stack trace:
#0 C:\wamp\www\web\yiisite\framework\web\CController.php(270): CController->missingAction('main')
#1 C:\wamp\www\web\yiisite\framework\web\CWebApplication.php(282): CController->run('main')
#2 C:\wamp\www\web\yiisite\framework\web\CWebApplication.php(141): CWebApplication->runController('site/main')
#3 C:\wamp\www\web\yiisite\framework\base\CApplication.php(169): CWebApplication->processRequest()
#4 C:\wamp\www\web\MyChoralRep\index.php(13): CApplication->run()
#5 {main}
REQUEST_URI=/web/mychoralrep/index.php?r=site/main
---
2013/02/12 04:56:36 [error] [exception.CHttpException.404] exception 'CHttpException' with message 'The system is unable to find the requested action "stuf".' in C:\wamp\www\web\yiisite\framework\web\CController.php:483
Stack trace:
#0 C:\wamp\www\web\yiisite\framework\web\CController.php(270): CController->missingAction('stuf')
#1 C:\wamp\www\web\yiisite\framework\web\CWebApplication.php(282): CController->run('stuf')
#2 C:\wamp\www\web\yiisite\framework\web\CWebApplication.php(141): CWebApplication->runController('site/stuf')
#3 C:\wamp\www\web\yiisite\framework\base\CApplication.php(169): CWebApplication->processRequest()
#4 C:\wamp\www\web\MyChoralRep\index.php(13): CApplication->run()
#5 {main}
REQUEST_URI=/web/mychoralrep/index.php?r=site/stuf
---
2013/02/12 04:56:48 [error] [exception.CException] exception 'CException' with message 'SiteController cannot find the requested view "stuff".' in C:\wamp\www\web\yiisite\framework\web\CController.php:878
Stack trace:
#0 C:\wamp\www\web\yiisite\framework\web\CController.php(782): CController->renderPartial('stuff', NULL, true)
#1 C:\wamp\www\web\MyChoralRep\protected\controllers\SiteController.php(39): CController->render('stuff')
#2 C:\wamp\www\web\yiisite\framework\web\actions\CInlineAction.php(49): SiteController->actionStuff()
#3 C:\wamp\www\web\yiisite\framework\web\CController.php(308): CInlineAction->runWithParams(Array)
#4 C:\wamp\www\web\yiisite\framework\web\CController.php(286): CController->runAction(Object(CInlineAction))
#5 C:\wamp\www\web\yiisite\framework\web\CController.php(265): CController->runActionWithFilters(Object(CInlineAction), Array)
#6 C:\wamp\www\web\yiisite\framework\web\CWebApplication.php(282): CController->run('stuff')
#7 C:\wamp\www\web\yiisite\framework\web\CWebApplication.php(141): CWebApplication->runController('site/stuff')
#8 C:\wamp\www\web\yiisite\framework\base\CApplication.php(169): CWebApplication->processRequest()
#9 C:\wamp\www\web\MyChoralRep\index.php(13): CApplication->run()
#10 {main}
REQUEST_URI=/web/mychoralrep/index.php?r=site/stuff
---
2013/02/13 03:53:03 [error] [exception.CHttpException.404] exception 'CHttpException' with message 'Unable to resolve the request "member/view".' in C:\wamp\www\web\yiisite\framework\web\CWebApplication.php:286
Stack trace:
#0 C:\wamp\www\web\yiisite\framework\web\CWebApplication.php(141): CWebApplication->runController('member/view')
#1 C:\wamp\www\web\yiisite\framework\base\CApplication.php(169): CWebApplication->processRequest()
#2 C:\wamp\www\web\MyChoralRep\index.php(13): CApplication->run()
#3 {main}
REQUEST_URI=/web/MyChoralRep/index.php?r=member/view
---
2013/02/13 03:53:33 [error] [exception.CHttpException.400] exception 'CHttpException' with message 'Your request is invalid.' in C:\wamp\www\web\yiisite\framework\web\CController.php:336
Stack trace:
#0 C:\wamp\www\web\yiisite\framework\web\CController.php(309): CController->invalidActionParams(Object(CInlineAction))
#1 C:\wamp\www\web\yiisite\framework\web\filters\CFilterChain.php(133): CController->runAction(Object(CInlineAction))
#2 C:\wamp\www\web\yiisite\framework\web\filters\CFilter.php(40): CFilterChain->run()
#3 C:\wamp\www\web\yiisite\framework\web\CController.php(1145): CFilter->filter(Object(CFilterChain))
#4 C:\wamp\www\web\yiisite\framework\web\filters\CInlineFilter.php(58): CController->filterAccessControl(Object(CFilterChain))
#5 C:\wamp\www\web\yiisite\framework\web\filters\CFilterChain.php(130): CInlineFilter->filter(Object(CFilterChain))
#6 C:\wamp\www\web\yiisite\framework\web\CController.php(291): CFilterChain->run()
#7 C:\wamp\www\web\yiisite\framework\web\CController.php(265): CController->runActionWithFilters(Object(CInlineAction), Array)
#8 C:\wamp\www\web\yiisite\framework\web\CWebApplication.php(282): CController->run('view')
#9 C:\wamp\www\web\yiisite\framework\web\CWebApplication.php(141): CWebApplication->runController('members/view')
#10 C:\wamp\www\web\yiisite\framework\base\CApplication.php(169): CWebApplication->processRequest()
#11 C:\wamp\www\web\MyChoralRep\index.php(13): CApplication->run()
#12 {main}
REQUEST_URI=/web/MyChoralRep/index.php?r=members/view
---
2013/02/13 03:58:10 [error] [exception.CHttpException.400] exception 'CHttpException' with message 'Your request is invalid.' in C:\wamp\www\web\yiisite\framework\web\CController.php:336
Stack trace:
#0 C:\wamp\www\web\yiisite\framework\web\CController.php(309): CController->invalidActionParams(Object(CInlineAction))
#1 C:\wamp\www\web\yiisite\framework\web\filters\CFilterChain.php(133): CController->runAction(Object(CInlineAction))
#2 C:\wamp\www\web\yiisite\framework\web\filters\CFilter.php(40): CFilterChain->run()
#3 C:\wamp\www\web\yiisite\framework\web\CController.php(1145): CFilter->filter(Object(CFilterChain))
#4 C:\wamp\www\web\yiisite\framework\web\filters\CInlineFilter.php(58): CController->filterAccessControl(Object(CFilterChain))
#5 C:\wamp\www\web\yiisite\framework\web\filters\CFilterChain.php(130): CInlineFilter->filter(Object(CFilterChain))
#6 C:\wamp\www\web\yiisite\framework\web\CController.php(291): CFilterChain->run()
#7 C:\wamp\www\web\yiisite\framework\web\CController.php(265): CController->runActionWithFilters(Object(CInlineAction), Array)
#8 C:\wamp\www\web\yiisite\framework\web\CWebApplication.php(282): CController->run('view')
#9 C:\wamp\www\web\yiisite\framework\web\CWebApplication.php(141): CWebApplication->runController('members/view')
#10 C:\wamp\www\web\yiisite\framework\base\CApplication.php(169): CWebApplication->processRequest()
#11 C:\wamp\www\web\MyChoralRep\index.php(13): CApplication->run()
#12 {main}
REQUEST_URI=/web/MyChoralRep/index.php?r=members/view&id=1
---
2013/02/13 03:58:10 [error] [exception.CHttpException.400] exception 'CHttpException' with message 'Your request is invalid.' in C:\wamp\www\web\yiisite\framework\web\CController.php:336
Stack trace:
#0 C:\wamp\www\web\yiisite\framework\web\CController.php(309): CController->invalidActionParams(Object(CInlineAction))
#1 C:\wamp\www\web\yiisite\framework\web\filters\CFilterChain.php(133): CController->runAction(Object(CInlineAction))
#2 C:\wamp\www\web\yiisite\framework\web\filters\CFilter.php(40): CFilterChain->run()
#3 C:\wamp\www\web\yiisite\framework\web\CController.php(1145): CFilter->filter(Object(CFilterChain))
#4 C:\wamp\www\web\yiisite\framework\web\filters\CInlineFilter.php(58): CController->filterAccessControl(Object(CFilterChain))
#5 C:\wamp\www\web\yiisite\framework\web\filters\CFilterChain.php(130): CInlineFilter->filter(Object(CFilterChain))
#6 C:\wamp\www\web\yiisite\framework\web\CController.php(291): CFilterChain->run()
#7 C:\wamp\www\web\yiisite\framework\web\CController.php(265): CController->runActionWithFilters(Object(CInlineAction), Array)
#8 C:\wamp\www\web\yiisite\framework\web\CWebApplication.php(282): CController->run('view')
#9 C:\wamp\www\web\yiisite\framework\web\CWebApplication.php(141): CWebApplication->runController('members/view')
#10 C:\wamp\www\web\yiisite\framework\base\CApplication.php(169): CWebApplication->processRequest()
#11 C:\wamp\www\web\MyChoralRep\index.php(13): CApplication->run()
#12 {main}
REQUEST_URI=/web/MyChoralRep/index.php?r=members/view&id=1
---
2013/02/13 03:58:10 [error] [exception.CHttpException.400] exception 'CHttpException' with message 'Your request is invalid.' in C:\wamp\www\web\yiisite\framework\web\CController.php:336
Stack trace:
#0 C:\wamp\www\web\yiisite\framework\web\CController.php(309): CController->invalidActionParams(Object(CInlineAction))
#1 C:\wamp\www\web\yiisite\framework\web\filters\CFilterChain.php(133): CController->runAction(Object(CInlineAction))
#2 C:\wamp\www\web\yiisite\framework\web\filters\CFilter.php(40): CFilterChain->run()
#3 C:\wamp\www\web\yiisite\framework\web\CController.php(1145): CFilter->filter(Object(CFilterChain))
#4 C:\wamp\www\web\yiisite\framework\web\filters\CInlineFilter.php(58): CController->filterAccessControl(Object(CFilterChain))
#5 C:\wamp\www\web\yiisite\framework\web\filters\CFilterChain.php(130): CInlineFilter->filter(Object(CFilterChain))
#6 C:\wamp\www\web\yiisite\framework\web\CController.php(291): CFilterChain->run()
#7 C:\wamp\www\web\yiisite\framework\web\CController.php(265): CController->runActionWithFilters(Object(CInlineAction), Array)
#8 C:\wamp\www\web\yiisite\framework\web\CWebApplication.php(282): CController->run('view')
#9 C:\wamp\www\web\yiisite\framework\web\CWebApplication.php(141): CWebApplication->runController('members/view')
#10 C:\wamp\www\web\yiisite\framework\base\CApplication.php(169): CWebApplication->processRequest()
#11 C:\wamp\www\web\MyChoralRep\index.php(13): CApplication->run()
#12 {main}
REQUEST_URI=/web/MyChoralRep/index.php?r=members/view&id=1
---
2013/02/13 04:09:24 [error] [php] Undefined variable: msg (C:\wamp\www\web\MyChoralRep\protected\views\members\view.php:20)
Stack trace:
#0 C:\wamp\www\web\yiisite\framework\web\CController.php(869): MembersController->renderFile()
#1 C:\wamp\www\web\yiisite\framework\web\CController.php(782): MembersController->renderPartial()
#2 C:\wamp\www\web\MyChoralRep\protected\controllers\MembersController.php(56): MembersController->render()
#3 unknown(0): MembersController->actionView()
#4 C:\wamp\www\web\yiisite\framework\web\actions\CAction.php(108): ReflectionMethod->invokeArgs()
#5 C:\wamp\www\web\yiisite\framework\web\actions\CInlineAction.php(47): CInlineAction->runWithParamsInternal()
#6 C:\wamp\www\web\yiisite\framework\web\CController.php(308): CInlineAction->runWithParams()
#7 C:\wamp\www\web\yiisite\framework\web\filters\CFilterChain.php(133): MembersController->runAction()
#8 C:\wamp\www\web\yiisite\framework\web\filters\CFilter.php(40): CFilterChain->run()
#9 C:\wamp\www\web\yiisite\framework\web\CController.php(1145): CAccessControlFilter->filter()
#10 C:\wamp\www\web\yiisite\framework\web\filters\CInlineFilter.php(58): MembersController->filterAccessControl()
#11 C:\wamp\www\web\yiisite\framework\web\filters\CFilterChain.php(130): CInlineFilter->filter()
#12 C:\wamp\www\web\yiisite\framework\web\CController.php(291): CFilterChain->run()
#13 C:\wamp\www\web\yiisite\framework\web\CController.php(265): MembersController->runActionWithFilters()
#14 C:\wamp\www\web\yiisite\framework\web\CWebApplication.php(282): MembersController->run()
#15 C:\wamp\www\web\yiisite\framework\web\CWebApplication.php(141): CWebApplication->runController()
#16 C:\wamp\www\web\yiisite\framework\base\CApplication.php(169): CWebApplication->processRequest()
#17 C:\wamp\www\web\MyChoralRep\index.php(13): CWebApplication->run()
REQUEST_URI=/web/MyChoralRep/index.php?r=members/view&id=3&msg=%22What's%20up?!?%22
in C:\wamp\www\web\MyChoralRep\protected\views\members\view.php (20)
in C:\wamp\www\web\MyChoralRep\protected\controllers\MembersController.php (56)
in C:\wamp\www\web\MyChoralRep\index.php (13)
2013/02/13 05:16:17 [error] [php] Undefined variable: username (C:\wamp\www\web\MyChoralRep\protected\components\UserIdentity.php:21)
Stack trace:
#0 C:\wamp\www\web\yiisite\framework\validators\CValidator.php(213): CInlineValidator->validateAttribute()
#1 C:\wamp\www\web\yiisite\framework\base\CModel.php(159): CInlineValidator->validate()
#2 C:\wamp\www\web\MyChoralRep\protected\controllers\SiteController.php(101): LoginForm->validate()
#3 C:\wamp\www\web\yiisite\framework\web\actions\CInlineAction.php(49): SiteController->actionLogin()
#4 C:\wamp\www\web\yiisite\framework\web\CController.php(308): CInlineAction->runWithParams()
#5 C:\wamp\www\web\yiisite\framework\web\CController.php(286): SiteController->runAction()
#6 C:\wamp\www\web\yiisite\framework\web\CController.php(265): SiteController->runActionWithFilters()
#7 C:\wamp\www\web\yiisite\framework\web\CWebApplication.php(282): SiteController->run()
#8 C:\wamp\www\web\yiisite\framework\web\CWebApplication.php(141): CWebApplication->runController()
#9 C:\wamp\www\web\yiisite\framework\base\CApplication.php(169): CWebApplication->processRequest()
#10 C:\wamp\www\web\MyChoralRep\index.php(13): CWebApplication->run()
REQUEST_URI=/web/MyChoralRep/index.php?r=site/login
in C:\wamp\www\web\MyChoralRep\protected\components\UserIdentity.php (21)
in C:\wamp\www\web\MyChoralRep\protected\models\LoginForm.php (52)
in C:\wamp\www\web\MyChoralRep\protected\controllers\SiteController.php (101)
2013/02/13 05:19:14 [error] [php] Undefined variable: username (C:\wamp\www\web\MyChoralRep\protected\components\UserIdentity.php:21)
Stack trace:
#0 C:\wamp\www\web\yiisite\framework\validators\CValidator.php(213): CInlineValidator->validateAttribute()
#1 C:\wamp\www\web\yiisite\framework\base\CModel.php(159): CInlineValidator->validate()
#2 C:\wamp\www\web\MyChoralRep\protected\controllers\SiteController.php(101): LoginForm->validate()
#3 C:\wamp\www\web\yiisite\framework\web\actions\CInlineAction.php(49): SiteController->actionLogin()
#4 C:\wamp\www\web\yiisite\framework\web\CController.php(308): CInlineAction->runWithParams()
#5 C:\wamp\www\web\yiisite\framework\web\CController.php(286): SiteController->runAction()
#6 C:\wamp\www\web\yiisite\framework\web\CController.php(265): SiteController->runActionWithFilters()
#7 C:\wamp\www\web\yiisite\framework\web\CWebApplication.php(282): SiteController->run()
#8 C:\wamp\www\web\yiisite\framework\web\CWebApplication.php(141): CWebApplication->runController()
#9 C:\wamp\www\web\yiisite\framework\base\CApplication.php(169): CWebApplication->processRequest()
#10 C:\wamp\www\web\MyChoralRep\index.php(13): CWebApplication->run()
REQUEST_URI=/web/MyChoralRep/index.php?r=site/login
in C:\wamp\www\web\MyChoralRep\protected\components\UserIdentity.php (21)
in C:\wamp\www\web\MyChoralRep\protected\models\LoginForm.php (52)
in C:\wamp\www\web\MyChoralRep\protected\controllers\SiteController.php (101)
2013/02/13 05:20:11 [error] [php] Undefined variable: username (C:\wamp\www\web\MyChoralRep\protected\components\UserIdentity.php:21)
Stack trace:
#0 C:\wamp\www\web\yiisite\framework\validators\CValidator.php(213): CInlineValidator->validateAttribute()
#1 C:\wamp\www\web\yiisite\framework\base\CModel.php(159): CInlineValidator->validate()
#2 C:\wamp\www\web\MyChoralRep\protected\controllers\SiteController.php(101): LoginForm->validate()
#3 C:\wamp\www\web\yiisite\framework\web\actions\CInlineAction.php(49): SiteController->actionLogin()
#4 C:\wamp\www\web\yiisite\framework\web\CController.php(308): CInlineAction->runWithParams()
#5 C:\wamp\www\web\yiisite\framework\web\CController.php(286): SiteController->runAction()
#6 C:\wamp\www\web\yiisite\framework\web\CController.php(265): SiteController->runActionWithFilters()
#7 C:\wamp\www\web\yiisite\framework\web\CWebApplication.php(282): SiteController->run()
#8 C:\wamp\www\web\yiisite\framework\web\CWebApplication.php(141): CWebApplication->runController()
#9 C:\wamp\www\web\yiisite\framework\base\CApplication.php(169): CWebApplication->processRequest()
#10 C:\wamp\www\web\MyChoralRep\index.php(13): CWebApplication->run()
REQUEST_URI=/web/MyChoralRep/index.php?r=site/login
in C:\wamp\www\web\MyChoralRep\protected\components\UserIdentity.php (21)
in C:\wamp\www\web\MyChoralRep\protected\models\LoginForm.php (52)
in C:\wamp\www\web\MyChoralRep\protected\controllers\SiteController.php (101)
2013/02/13 05:20:49 [error] [php] Undefined variable: username (C:\wamp\www\web\MyChoralRep\protected\components\UserIdentity.php:21)
Stack trace:
#0 C:\wamp\www\web\yiisite\framework\validators\CValidator.php(213): CInlineValidator->validateAttribute()
#1 C:\wamp\www\web\yiisite\framework\base\CModel.php(159): CInlineValidator->validate()
#2 C:\wamp\www\web\MyChoralRep\protected\controllers\SiteController.php(101): LoginForm->validate()
#3 C:\wamp\www\web\yiisite\framework\web\actions\CInlineAction.php(49): SiteController->actionLogin()
#4 C:\wamp\www\web\yiisite\framework\web\CController.php(308): CInlineAction->runWithParams()
#5 C:\wamp\www\web\yiisite\framework\web\CController.php(286): SiteController->runAction()
#6 C:\wamp\www\web\yiisite\framework\web\CController.php(265): SiteController->runActionWithFilters()
#7 C:\wamp\www\web\yiisite\framework\web\CWebApplication.php(282): SiteController->run()
#8 C:\wamp\www\web\yiisite\framework\web\CWebApplication.php(141): CWebApplication->runController()
#9 C:\wamp\www\web\yiisite\framework\base\CApplication.php(169): CWebApplication->processRequest()
#10 C:\wamp\www\web\MyChoralRep\index.php(13): CWebApplication->run()
REQUEST_URI=/web/MyChoralRep/index.php?r=site/login
in C:\wamp\www\web\MyChoralRep\protected\components\UserIdentity.php (21)
in C:\wamp\www\web\MyChoralRep\protected\models\LoginForm.php (52)
in C:\wamp\www\web\MyChoralRep\protected\controllers\SiteController.php (101)
2013/02/13 05:21:06 [error] [php] Undefined variable: password (C:\wamp\www\web\MyChoralRep\protected\components\UserIdentity.php:33)
Stack trace:
#0 C:\wamp\www\web\yiisite\framework\validators\CValidator.php(213): CInlineValidator->validateAttribute()
#1 C:\wamp\www\web\yiisite\framework\base\CModel.php(159): CInlineValidator->validate()
#2 C:\wamp\www\web\MyChoralRep\protected\controllers\SiteController.php(101): LoginForm->validate()
#3 C:\wamp\www\web\yiisite\framework\web\actions\CInlineAction.php(49): SiteController->actionLogin()
#4 C:\wamp\www\web\yiisite\framework\web\CController.php(308): CInlineAction->runWithParams()
#5 C:\wamp\www\web\yiisite\framework\web\CController.php(286): SiteController->runAction()
#6 C:\wamp\www\web\yiisite\framework\web\CController.php(265): SiteController->runActionWithFilters()
#7 C:\wamp\www\web\yiisite\framework\web\CWebApplication.php(282): SiteController->run()
#8 C:\wamp\www\web\yiisite\framework\web\CWebApplication.php(141): CWebApplication->runController()
#9 C:\wamp\www\web\yiisite\framework\base\CApplication.php(169): CWebApplication->processRequest()
#10 C:\wamp\www\web\MyChoralRep\index.php(13): CWebApplication->run()
REQUEST_URI=/web/MyChoralRep/index.php?r=site/login
in C:\wamp\www\web\MyChoralRep\protected\components\UserIdentity.php (33)
in C:\wamp\www\web\MyChoralRep\protected\models\LoginForm.php (52)
in C:\wamp\www\web\MyChoralRep\protected\controllers\SiteController.php (101)
2013/02/18 02:16:21 [error] [exception.CException] exception 'CException' with message 'Property "Users.UserID" is not defined.' in C:\wamp\www\web\yiisite\framework\base\CComponent.php:130
Stack trace:
#0 C:\wamp\www\web\yiisite\framework\db\ar\CActiveRecord.php(143): CComponent->__get('UserID')
#1 C:\wamp\www\web\yiisite\framework\web\helpers\CHtml.php(2255): CActiveRecord->__get('UserID')
#2 C:\wamp\www\web\yiisite\framework\web\helpers\CHtml.php(1980): CHtml::resolveValue(Object(Users), 'UserID')
#3 C:\wamp\www\web\yiisite\framework\web\helpers\CHtml.php(1257): CHtml::activeInputField('text', Object(Users), 'UserID', Array)
#4 C:\wamp\www\web\yiisite\framework\web\widgets\CActiveForm.php(657): CHtml::activeTextField(Object(Users), 'UserID', Array)
#5 C:\wamp\www\web\MyChoralRep\protected\views\site\register.php(32): CActiveForm->textField(Object(Users), 'UserID')
#6 C:\wamp\www\web\yiisite\framework\web\CBaseController.php(126): require('C:\wamp\www\web...')
#7 C:\wamp\www\web\yiisite\framework\web\CBaseController.php(95): CBaseController->renderInternal('C:\wamp\www\web...', Array, true)
#8 C:\wamp\www\web\yiisite\framework\web\CController.php(869): CBaseController->renderFile('C:\wamp\www\web...', Array, true)
#9 C:\wamp\www\web\yiisite\framework\web\CController.php(782): CController->renderPartial('Register', Array, true)
#10 C:\wamp\www\web\MyChoralRep\protected\controllers\SiteController.php(138): CController->render('Register', Array)
#11 C:\wamp\www\web\yiisite\framework\web\actions\CInlineAction.php(49): SiteController->actionRegister()
#12 C:\wamp\www\web\yiisite\framework\web\CController.php(308): CInlineAction->runWithParams(Array)
#13 C:\wamp\www\web\yiisite\framework\web\CController.php(286): CController->runAction(Object(CInlineAction))
#14 C:\wamp\www\web\yiisite\framework\web\CController.php(265): CController->runActionWithFilters(Object(CInlineAction), Array)
#15 C:\wamp\www\web\yiisite\framework\web\CWebApplication.php(282): CController->run('register')
#16 C:\wamp\www\web\yiisite\framework\web\CWebApplication.php(141): CWebApplication->runController('site/register')
#17 C:\wamp\www\web\yiisite\framework\base\CApplication.php(169): CWebApplication->processRequest()
#18 C:\wamp\www\web\MyChoralRep\index.php(13): CApplication->run()
#19 {main}
REQUEST_URI=/web/mychoralrep/index.php?r=site/register
---
2013/02/18 02:41:00 [error] [exception.CException] exception 'CException' with message 'CActiveForm and its behaviors do not have a method or closure named "activeFileField".' in C:\wamp\www\web\yiisite\framework\base\CComponent.php:265
Stack trace:
#0 C:\wamp\www\web\MyChoralRep\protected\views\site\Register.php(56): CComponent->__call('activeFileField', Array)
#1 C:\wamp\www\web\MyChoralRep\protected\views\site\Register.php(56): CActiveForm->activeFileField(Object(Users), 'ImageUrl')
#2 C:\wamp\www\web\yiisite\framework\web\CBaseController.php(126): require('C:\wamp\www\web...')
#3 C:\wamp\www\web\yiisite\framework\web\CBaseController.php(95): CBaseController->renderInternal('C:\wamp\www\web...', Array, true)
#4 C:\wamp\www\web\yiisite\framework\web\CController.php(869): CBaseController->renderFile('C:\wamp\www\web...', Array, true)
#5 C:\wamp\www\web\yiisite\framework\web\CController.php(782): CController->renderPartial('Register', Array, true)
#6 C:\wamp\www\web\MyChoralRep\protected\controllers\SiteController.php(138): CController->render('Register', Array)
#7 C:\wamp\www\web\yiisite\framework\web\actions\CInlineAction.php(49): SiteController->actionRegister()
#8 C:\wamp\www\web\yiisite\framework\web\CController.php(308): CInlineAction->runWithParams(Array)
#9 C:\wamp\www\web\yiisite\framework\web\CController.php(286): CController->runAction(Object(CInlineAction))
#10 C:\wamp\www\web\yiisite\framework\web\CController.php(265): CController->runActionWithFilters(Object(CInlineAction), Array)
#11 C:\wamp\www\web\yiisite\framework\web\CWebApplication.php(282): CController->run('register')
#12 C:\wamp\www\web\yiisite\framework\web\CWebApplication.php(141): CWebApplication->runController('site/register')
#13 C:\wamp\www\web\yiisite\framework\base\CApplication.php(169): CWebApplication->processRequest()
#14 C:\wamp\www\web\MyChoralRep\index.php(13): CApplication->run()
#15 {main}
REQUEST_URI=/web/mychoralrep/index.php?r=site/register
---
2013/02/18 03:16:48 [error] [php] preg_match(): Unknown modifier '+' (C:\wamp\www\web\yiisite\framework\validators\CRegularExpressionValidator.php:50)
Stack trace:
#0 C:\wamp\www\web\yiisite\framework\base\CModel.php(159): CRegularExpressionValidator->validate()
#1 C:\wamp\www\web\MyChoralRep\protected\controllers\SiteController.php(132): Users->validate()
#2 C:\wamp\www\web\yiisite\framework\web\actions\CInlineAction.php(49): SiteController->actionRegister()
#3 C:\wamp\www\web\yiisite\framework\web\CController.php(308): CInlineAction->runWithParams()
#4 C:\wamp\www\web\yiisite\framework\web\CController.php(286): SiteController->runAction()
#5 C:\wamp\www\web\yiisite\framework\web\CController.php(265): SiteController->runActionWithFilters()
#6 C:\wamp\www\web\yiisite\framework\web\CWebApplication.php(282): SiteController->run()
#7 C:\wamp\www\web\yiisite\framework\web\CWebApplication.php(141): CWebApplication->runController()
#8 C:\wamp\www\web\yiisite\framework\base\CApplication.php(169): CWebApplication->processRequest()
#9 C:\wamp\www\web\MyChoralRep\index.php(13): CWebApplication->run()
REQUEST_URI=/web/mychoralrep/index.php?r=site/register
in C:\wamp\www\web\MyChoralRep\protected\controllers\SiteController.php (132)
in C:\wamp\www\web\MyChoralRep\index.php (13)
2013/02/18 03:21:02 [error] [php] preg_match(): Unknown modifier ']' (C:\wamp\www\web\yiisite\framework\validators\CRegularExpressionValidator.php:50)
Stack trace:
#0 C:\wamp\www\web\yiisite\framework\base\CModel.php(159): CRegularExpressionValidator->validate()
#1 C:\wamp\www\web\MyChoralRep\protected\controllers\SiteController.php(132): Users->validate()
#2 C:\wamp\www\web\yiisite\framework\web\actions\CInlineAction.php(49): SiteController->actionRegister()
#3 C:\wamp\www\web\yiisite\framework\web\CController.php(308): CInlineAction->runWithParams()
#4 C:\wamp\www\web\yiisite\framework\web\CController.php(286): SiteController->runAction()
#5 C:\wamp\www\web\yiisite\framework\web\CController.php(265): SiteController->runActionWithFilters()
#6 C:\wamp\www\web\yiisite\framework\web\CWebApplication.php(282): SiteController->run()
#7 C:\wamp\www\web\yiisite\framework\web\CWebApplication.php(141): CWebApplication->runController()
#8 C:\wamp\www\web\yiisite\framework\base\CApplication.php(169): CWebApplication->processRequest()
#9 C:\wamp\www\web\MyChoralRep\index.php(13): CWebApplication->run()
REQUEST_URI=/web/mychoralrep/index.php?r=site/register
in C:\wamp\www\web\MyChoralRep\protected\controllers\SiteController.php (132)
in C:\wamp\www\web\MyChoralRep\index.php (13)
2013/02/18 03:21:49 [error] [php] preg_match(): Unknown modifier '+' (C:\wamp\www\web\yiisite\framework\validators\CRegularExpressionValidator.php:50)
Stack trace:
#0 C:\wamp\www\web\yiisite\framework\base\CModel.php(159): CRegularExpressionValidator->validate()
#1 C:\wamp\www\web\MyChoralRep\protected\controllers\SiteController.php(132): Users->validate()
#2 C:\wamp\www\web\yiisite\framework\web\actions\CInlineAction.php(49): SiteController->actionRegister()
#3 C:\wamp\www\web\yiisite\framework\web\CController.php(308): CInlineAction->runWithParams()
#4 C:\wamp\www\web\yiisite\framework\web\CController.php(286): SiteController->runAction()
#5 C:\wamp\www\web\yiisite\framework\web\CController.php(265): SiteController->runActionWithFilters()
#6 C:\wamp\www\web\yiisite\framework\web\CWebApplication.php(282): SiteController->run()
#7 C:\wamp\www\web\yiisite\framework\web\CWebApplication.php(141): CWebApplication->runController()
#8 C:\wamp\www\web\yiisite\framework\base\CApplication.php(169): CWebApplication->processRequest()
#9 C:\wamp\www\web\MyChoralRep\index.php(13): CWebApplication->run()
REQUEST_URI=/web/mychoralrep/index.php?r=site/register
in C:\wamp\www\web\MyChoralRep\protected\controllers\SiteController.php (132)
in C:\wamp\www\web\MyChoralRep\index.php (13)
2013/02/18 03:21:53 [error] [php] preg_match(): Unknown modifier '+' (C:\wamp\www\web\yiisite\framework\validators\CRegularExpressionValidator.php:50)
Stack trace:
#0 C:\wamp\www\web\yiisite\framework\base\CModel.php(159): CRegularExpressionValidator->validate()
#1 C:\wamp\www\web\MyChoralRep\protected\controllers\SiteController.php(132): Users->validate()
#2 C:\wamp\www\web\yiisite\framework\web\actions\CInlineAction.php(49): SiteController->actionRegister()
#3 C:\wamp\www\web\yiisite\framework\web\CController.php(308): CInlineAction->runWithParams()
#4 C:\wamp\www\web\yiisite\framework\web\CController.php(286): SiteController->runAction()
#5 C:\wamp\www\web\yiisite\framework\web\CController.php(265): SiteController->runActionWithFilters()
#6 C:\wamp\www\web\yiisite\framework\web\CWebApplication.php(282): SiteController->run()
#7 C:\wamp\www\web\yiisite\framework\web\CWebApplication.php(141): CWebApplication->runController()
#8 C:\wamp\www\web\yiisite\framework\base\CApplication.php(169): CWebApplication->processRequest()
#9 C:\wamp\www\web\MyChoralRep\index.php(13): CWebApplication->run()
REQUEST_URI=/web/mychoralrep/index.php?r=site/register
in C:\wamp\www\web\MyChoralRep\protected\controllers\SiteController.php (132)
in C:\wamp\www\web\MyChoralRep\index.php (13)
2013/02/18 03:22:11 [error] [php] preg_match(): Unknown modifier '\' (C:\wamp\www\web\yiisite\framework\validators\CRegularExpressionValidator.php:50)
Stack trace:
#0 C:\wamp\www\web\yiisite\framework\base\CModel.php(159): CRegularExpressionValidator->validate()
#1 C:\wamp\www\web\MyChoralRep\protected\controllers\SiteController.php(132): Users->validate()
#2 C:\wamp\www\web\yiisite\framework\web\actions\CInlineAction.php(49): SiteController->actionRegister()
#3 C:\wamp\www\web\yiisite\framework\web\CController.php(308): CInlineAction->runWithParams()
#4 C:\wamp\www\web\yiisite\framework\web\CController.php(286): SiteController->runAction()
#5 C:\wamp\www\web\yiisite\framework\web\CController.php(265): SiteController->runActionWithFilters()
#6 C:\wamp\www\web\yiisite\framework\web\CWebApplication.php(282): SiteController->run()
#7 C:\wamp\www\web\yiisite\framework\web\CWebApplication.php(141): CWebApplication->runController()
#8 C:\wamp\www\web\yiisite\framework\base\CApplication.php(169): CWebApplication->processRequest()
#9 C:\wamp\www\web\MyChoralRep\index.php(13): CWebApplication->run()
REQUEST_URI=/web/mychoralrep/index.php?r=site/register
in C:\wamp\www\web\MyChoralRep\protected\controllers\SiteController.php (132)
in C:\wamp\www\web\MyChoralRep\index.php (13)
2013/02/18 03:22:25 [error] [php] preg_match(): Unknown modifier '/' (C:\wamp\www\web\yiisite\framework\validators\CRegularExpressionValidator.php:50)
Stack trace:
#0 C:\wamp\www\web\yiisite\framework\base\CModel.php(159): CRegularExpressionValidator->validate()
#1 C:\wamp\www\web\MyChoralRep\protected\controllers\SiteController.php(132): Users->validate()
#2 C:\wamp\www\web\yiisite\framework\web\actions\CInlineAction.php(49): SiteController->actionRegister()
#3 C:\wamp\www\web\yiisite\framework\web\CController.php(308): CInlineAction->runWithParams()
#4 C:\wamp\www\web\yiisite\framework\web\CController.php(286): SiteController->runAction()
#5 C:\wamp\www\web\yiisite\framework\web\CController.php(265): SiteController->runActionWithFilters()
#6 C:\wamp\www\web\yiisite\framework\web\CWebApplication.php(282): SiteController->run()
#7 C:\wamp\www\web\yiisite\framework\web\CWebApplication.php(141): CWebApplication->runController()
#8 C:\wamp\www\web\yiisite\framework\base\CApplication.php(169): CWebApplication->processRequest()
#9 C:\wamp\www\web\MyChoralRep\index.php(13): CWebApplication->run()
REQUEST_URI=/web/mychoralrep/index.php?r=site/register
in C:\wamp\www\web\MyChoralRep\protected\controllers\SiteController.php (132)
in C:\wamp\www\web\MyChoralRep\index.php (13)
2013/02/18 03:33:45 [error] [php] mail(): Failed to connect to mailserver at &quot;localhost&quot; port 25, verify your &quot;SMTP&quot; and &quot;smtp_port&quot; setting in php.ini or use ini_set() (C:\wamp\www\web\MyChoralRep\protected\controllers\SiteController.php:74)
Stack trace:
#0 C:\wamp\www\web\yiisite\framework\web\CController.php(308): CInlineAction->runWithParams()
#1 C:\wamp\www\web\yiisite\framework\web\CController.php(286): SiteController->runAction()
#2 C:\wamp\www\web\yiisite\framework\web\CController.php(265): SiteController->runActionWithFilters()
#3 C:\wamp\www\web\yiisite\framework\web\CWebApplication.php(282): SiteController->run()
#4 C:\wamp\www\web\yiisite\framework\web\CWebApplication.php(141): CWebApplication->runController()
#5 C:\wamp\www\web\yiisite\framework\base\CApplication.php(169): CWebApplication->processRequest()
#6 C:\wamp\www\web\MyChoralRep\index.php(13): CWebApplication->run()
REQUEST_URI=/web/mychoralrep/index.php?r=site/contact
in C:\wamp\www\web\MyChoralRep\protected\controllers\SiteController.php (74)
in C:\wamp\www\web\MyChoralRep\index.php (13)
2013/02/18 03:34:52 [error] [php] mail(): Failed to connect to mailserver at &quot;localhost&quot; port 25, verify your &quot;SMTP&quot; and &quot;smtp_port&quot; setting in php.ini or use ini_set() (C:\wamp\www\web\MyChoralRep\protected\controllers\SiteController.php:74)
Stack trace:
#0 C:\wamp\www\web\yiisite\framework\web\CController.php(308): CInlineAction->runWithParams()
#1 C:\wamp\www\web\yiisite\framework\web\CController.php(286): SiteController->runAction()
#2 C:\wamp\www\web\yiisite\framework\web\CController.php(265): SiteController->runActionWithFilters()
#3 C:\wamp\www\web\yiisite\framework\web\CWebApplication.php(282): SiteController->run()
#4 C:\wamp\www\web\yiisite\framework\web\CWebApplication.php(141): CWebApplication->runController()
#5 C:\wamp\www\web\yiisite\framework\base\CApplication.php(169): CWebApplication->processRequest()
#6 C:\wamp\www\web\MyChoralRep\index.php(13): CWebApplication->run()
REQUEST_URI=/web/mychoralrep/index.php?r=site/contact
in C:\wamp\www\web\MyChoralRep\protected\controllers\SiteController.php (74)
in C:\wamp\www\web\MyChoralRep\index.php (13)
2013/02/18 03:36:22 [error] [php] mail(): Failed to connect to mailserver at &quot;localhost&quot; port 25, verify your &quot;SMTP&quot; and &quot;smtp_port&quot; setting in php.ini or use ini_set() (C:\wamp\www\web\MyChoralRep\protected\controllers\SiteController.php:74)
Stack trace:
#0 C:\wamp\www\web\yiisite\framework\web\CController.php(308): CInlineAction->runWithParams()
#1 C:\wamp\www\web\yiisite\framework\web\CController.php(286): SiteController->runAction()
#2 C:\wamp\www\web\yiisite\framework\web\CController.php(265): SiteController->runActionWithFilters()
#3 C:\wamp\www\web\yiisite\framework\web\CWebApplication.php(282): SiteController->run()
#4 C:\wamp\www\web\yiisite\framework\web\CWebApplication.php(141): CWebApplication->runController()
#5 C:\wamp\www\web\yiisite\framework\base\CApplication.php(169): CWebApplication->processRequest()
#6 C:\wamp\www\web\MyChoralRep\index.php(13): CWebApplication->run()
REQUEST_URI=/web/mychoralrep/index.php?r=site/contact
in C:\wamp\www\web\MyChoralRep\protected\controllers\SiteController.php (74)
in C:\wamp\www\web\MyChoralRep\index.php (13)
2013/02/18 03:37:05 [error] [php] mail(): Failed to connect to mailserver at &quot;localhost&quot; port 25, verify your &quot;SMTP&quot; and &quot;smtp_port&quot; setting in php.ini or use ini_set() (C:\wamp\www\web\MyChoralRep\protected\controllers\SiteController.php:74)
Stack trace:
#0 C:\wamp\www\web\yiisite\framework\web\CController.php(308): CInlineAction->runWithParams()
#1 C:\wamp\www\web\yiisite\framework\web\CController.php(286): SiteController->runAction()
#2 C:\wamp\www\web\yiisite\framework\web\CController.php(265): SiteController->runActionWithFilters()
#3 C:\wamp\www\web\yiisite\framework\web\CWebApplication.php(282): SiteController->run()
#4 C:\wamp\www\web\yiisite\framework\web\CWebApplication.php(141): CWebApplication->runController()
#5 C:\wamp\www\web\yiisite\framework\base\CApplication.php(169): CWebApplication->processRequest()
#6 C:\wamp\www\web\MyChoralRep\index.php(13): CWebApplication->run()
REQUEST_URI=/web/mychoralrep/index.php?r=site/contact
in C:\wamp\www\web\MyChoralRep\protected\controllers\SiteController.php (74)
in C:\wamp\www\web\MyChoralRep\index.php (13)
2013/02/18 03:50:59 [error] [exception.CHttpException.404] exception 'CHttpException' with message 'The system is unable to find the requested action "regiter".' in C:\wamp\www\web\yiisite\framework\web\CController.php:483
Stack trace:
#0 C:\wamp\www\web\yiisite\framework\web\CController.php(270): CController->missingAction('regiter')
#1 C:\wamp\www\web\yiisite\framework\web\CWebApplication.php(282): CController->run('regiter')
#2 C:\wamp\www\web\yiisite\framework\web\CWebApplication.php(141): CWebApplication->runController('site/regiter')
#3 C:\wamp\www\web\yiisite\framework\base\CApplication.php(169): CWebApplication->processRequest()
#4 C:\wamp\www\web\MyChoralRep\index.php(13): CApplication->run()
#5 {main}
REQUEST_URI=/web/mychoralrep/index.php?r=site/regiter
---
2013/02/18 04:28:01 [warning] [application] Failed to set unsafe attribute "Password" of "Users".
in C:\wamp\www\web\MyChoralRep\protected\controllers\SiteController.php (131)
in C:\wamp\www\web\MyChoralRep\index.php (13)
2013/02/18 04:30:06 [warning] [application] Failed to set unsafe attribute "Password" of "Users".
in C:\wamp\www\web\MyChoralRep\protected\controllers\SiteController.php (131)
in C:\wamp\www\web\MyChoralRep\index.php (13)
2013/02/18 04:30:42 [warning] [application] Failed to set unsafe attribute "Password" of "Users".
in C:\wamp\www\web\MyChoralRep\protected\controllers\SiteController.php (131)
in C:\wamp\www\web\MyChoralRep\index.php (13)
2013/02/18 04:31:03 [warning] [application] Failed to set unsafe attribute "Password" of "Users".
in C:\wamp\www\web\MyChoralRep\protected\controllers\SiteController.php (131)
in C:\wamp\www\web\MyChoralRep\index.php (13)
2013/02/18 04:31:28 [error] [exception.CException] exception 'CException' with message 'Users has an invalid validation rule. The rule must specify attributes to be validated and the validator name.' in C:\wamp\www\web\yiisite\framework\base\CModel.php:288
Stack trace:
#0 C:\wamp\www\web\yiisite\framework\base\CModel.php(260): CModel->createValidators()
#1 C:\wamp\www\web\yiisite\framework\base\CModel.php(546): CModel->getValidators()
#2 C:\wamp\www\web\yiisite\framework\base\CModel.php(467): CModel->getSafeAttributeNames()
#3 C:\wamp\www\web\yiisite\framework\base\CComponent.php(152): CModel->setAttributes(Array)
#4 C:\wamp\www\web\yiisite\framework\db\ar\CActiveRecord.php(159): CComponent->__set('attributes', Array)
#5 C:\wamp\www\web\MyChoralRep\protected\controllers\SiteController.php(131): CActiveRecord->__set('attributes', Array)
#6 C:\wamp\www\web\yiisite\framework\web\actions\CInlineAction.php(49): SiteController->actionRegister()
#7 C:\wamp\www\web\yiisite\framework\web\CController.php(308): CInlineAction->runWithParams(Array)
#8 C:\wamp\www\web\yiisite\framework\web\CController.php(286): CController->runAction(Object(CInlineAction))
#9 C:\wamp\www\web\yiisite\framework\web\CController.php(265): CController->runActionWithFilters(Object(CInlineAction), Array)
#10 C:\wamp\www\web\yiisite\framework\web\CWebApplication.php(282): CController->run('register')
#11 C:\wamp\www\web\yiisite\framework\web\CWebApplication.php(141): CWebApplication->runController('site/register')
#12 C:\wamp\www\web\yiisite\framework\base\CApplication.php(169): CWebApplication->processRequest()
#13 C:\wamp\www\web\MyChoralRep\index.php(13): CApplication->run()
#14 {main}
REQUEST_URI=/web/mychoralrep/index.php?r=site/register
HTTP_REFERER=http://kitties.user32.com/web/mychoralrep/index.php?r=site/register
---
2013/02/18 05:14:11 [error] [php] mysql_fetch_array() expects parameter 1 to be resource, boolean given (C:\wamp\www\web\MyChoralRep\protected\components\UserIdentity.php:24)
Stack trace:
#0 C:\wamp\www\web\yiisite\framework\validators\CInlineValidator.php(42): LoginForm->authenticate()
#1 C:\wamp\www\web\yiisite\framework\validators\CValidator.php(213): CInlineValidator->validateAttribute()
#2 C:\wamp\www\web\yiisite\framework\base\CModel.php(159): CInlineValidator->validate()
#3 C:\wamp\www\web\MyChoralRep\protected\controllers\SiteController.php(101): LoginForm->validate()
#4 C:\wamp\www\web\yiisite\framework\web\actions\CInlineAction.php(49): SiteController->actionLogin()
#5 C:\wamp\www\web\yiisite\framework\web\CController.php(308): CInlineAction->runWithParams()
#6 C:\wamp\www\web\yiisite\framework\web\CController.php(286): SiteController->runAction()
#7 C:\wamp\www\web\yiisite\framework\web\CController.php(265): SiteController->runActionWithFilters()
#8 C:\wamp\www\web\yiisite\framework\web\CWebApplication.php(282): SiteController->run()
#9 C:\wamp\www\web\yiisite\framework\web\CWebApplication.php(141): CWebApplication->runController()
#10 C:\wamp\www\web\yiisite\framework\base\CApplication.php(169): CWebApplication->processRequest()
#11 C:\wamp\www\web\MyChoralRep\index.php(13): CWebApplication->run()
REQUEST_URI=/web/mychoralrep/index.php?r=site/login
in C:\wamp\www\web\MyChoralRep\protected\components\UserIdentity.php (24)
in C:\wamp\www\web\MyChoralRep\protected\models\LoginForm.php (52)
in C:\wamp\www\web\MyChoralRep\protected\controllers\SiteController.php (101)
2013/02/18 05:38:25 [error] [exception.CException] exception 'CException' with message 'Property "Users.password" is not defined.' in C:\wamp\www\web\yiisite\framework\base\CComponent.php:130
Stack trace:
#0 C:\wamp\www\web\yiisite\framework\db\ar\CActiveRecord.php(143): CComponent->__get('password')
#1 C:\wamp\www\web\MyChoralRep\protected\models\Users.php(130): CActiveRecord->__get('password')
#2 C:\wamp\www\web\MyChoralRep\protected\components\UserIdentity.php(23): Users->validatePassword('kitties')
#3 C:\wamp\www\web\MyChoralRep\protected\models\LoginForm.php(52): UserIdentity->authenticate()
#4 C:\wamp\www\web\yiisite\framework\validators\CInlineValidator.php(42): LoginForm->authenticate('password', Array)
#5 C:\wamp\www\web\yiisite\framework\validators\CValidator.php(213): CInlineValidator->validateAttribute(Object(LoginForm), 'password')
#6 C:\wamp\www\web\yiisite\framework\base\CModel.php(159): CValidator->validate(Object(LoginForm), NULL)
#7 C:\wamp\www\web\MyChoralRep\protected\controllers\SiteController.php(101): CModel->validate()
#8 C:\wamp\www\web\yiisite\framework\web\actions\CInlineAction.php(49): SiteController->actionLogin()
#9 C:\wamp\www\web\yiisite\framework\web\CController.php(308): CInlineAction->runWithParams(Array)
#10 C:\wamp\www\web\yiisite\framework\web\CController.php(286): CController->runAction(Object(CInlineAction))
#11 C:\wamp\www\web\yiisite\framework\web\CController.php(265): CController->runActionWithFilters(Object(CInlineAction), Array)
#12 C:\wamp\www\web\yiisite\framework\web\CWebApplication.php(282): CController->run('login')
#13 C:\wamp\www\web\yiisite\framework\web\CWebApplication.php(141): CWebApplication->runController('site/login')
#14 C:\wamp\www\web\yiisite\framework\base\CApplication.php(169): CWebApplication->processRequest()
#15 C:\wamp\www\web\MyChoralRep\index.php(13): CApplication->run()
#16 {main}
REQUEST_URI=/web/mychoralrep/index.php?r=site/login
HTTP_REFERER=http://kitties.user32.com/web/mychoralrep/index.php?r=site/login
---
2013/02/18 19:20:31 [error] [exception.CException] exception 'CException' with message 'Users and its behaviors do not have a method or closure named "validatePassword".' in C:\wamp\www\web\yiisite\framework\base\CComponent.php:265
Stack trace:
#0 C:\wamp\www\web\yiisite\framework\db\ar\CActiveRecord.php(225): CComponent->__call('validatePasswor...', Array)
#1 C:\wamp\www\web\MyChoralRep\protected\components\UserIdentity.php(23): CActiveRecord->__call('validatePasswor...', Array)
#2 C:\wamp\www\web\MyChoralRep\protected\components\UserIdentity.php(23): Users->validatePassword('kitties')
#3 C:\wamp\www\web\MyChoralRep\protected\models\LoginForm.php(52): UserIdentity->authenticate()
#4 C:\wamp\www\web\yiisite\framework\validators\CInlineValidator.php(42): LoginForm->authenticate('password', Array)
#5 C:\wamp\www\web\yiisite\framework\validators\CValidator.php(213): CInlineValidator->validateAttribute(Object(LoginForm), 'password')
#6 C:\wamp\www\web\yiisite\framework\base\CModel.php(159): CValidator->validate(Object(LoginForm), NULL)
#7 C:\wamp\www\web\MyChoralRep\protected\controllers\SiteController.php(101): CModel->validate()
#8 C:\wamp\www\web\yiisite\framework\web\actions\CInlineAction.php(49): SiteController->actionLogin()
#9 C:\wamp\www\web\yiisite\framework\web\CController.php(308): CInlineAction->runWithParams(Array)
#10 C:\wamp\www\web\yiisite\framework\web\CController.php(286): CController->runAction(Object(CInlineAction))
#11 C:\wamp\www\web\yiisite\framework\web\CController.php(265): CController->runActionWithFilters(Object(CInlineAction), Array)
#12 C:\wamp\www\web\yiisite\framework\web\CWebApplication.php(282): CController->run('login')
#13 C:\wamp\www\web\yiisite\framework\web\CWebApplication.php(141): CWebApplication->runController('site/login')
#14 C:\wamp\www\web\yiisite\framework\base\CApplication.php(169): CWebApplication->processRequest()
#15 C:\wamp\www\web\MyChoralRep\index.php(13): CApplication->run()
#16 {main}
REQUEST_URI=/web/mychoralrep/index.php?r=site/login
HTTP_REFERER=http://kitties.user32.com/web/mychoralrep/index.php?r=site/login
---
2013/02/18 19:45:25 [error] [php] Undefined variable: myusername (C:\wamp\www\web\MyChoralRep\protected\components\UserIdentity.php:19)
Stack trace:
#0 C:\wamp\www\web\yiisite\framework\validators\CValidator.php(213): CInlineValidator->validateAttribute()
#1 C:\wamp\www\web\yiisite\framework\base\CModel.php(159): CInlineValidator->validate()
#2 C:\wamp\www\web\MyChoralRep\protected\controllers\SiteController.php(101): LoginForm->validate()
#3 C:\wamp\www\web\yiisite\framework\web\actions\CInlineAction.php(49): SiteController->actionLogin()
#4 C:\wamp\www\web\yiisite\framework\web\CController.php(308): CInlineAction->runWithParams()
#5 C:\wamp\www\web\yiisite\framework\web\CController.php(286): SiteController->runAction()
#6 C:\wamp\www\web\yiisite\framework\web\CController.php(265): SiteController->runActionWithFilters()
#7 C:\wamp\www\web\yiisite\framework\web\CWebApplication.php(282): SiteController->run()
#8 C:\wamp\www\web\yiisite\framework\web\CWebApplication.php(141): CWebApplication->runController()
#9 C:\wamp\www\web\yiisite\framework\base\CApplication.php(169): CWebApplication->processRequest()
#10 C:\wamp\www\web\MyChoralRep\index.php(13): CWebApplication->run()
REQUEST_URI=/web/mychoralrep/index.php?r=site/login
in C:\wamp\www\web\MyChoralRep\protected\components\UserIdentity.php (19)
in C:\wamp\www\web\MyChoralRep\protected\models\LoginForm.php (52)
in C:\wamp\www\web\MyChoralRep\protected\controllers\SiteController.php (101)
2013/02/18 19:46:09 [error] [php] Undefined index: username (C:\wamp\www\web\MyChoralRep\protected\components\UserIdentity.php:19)
Stack trace:
#0 C:\wamp\www\web\yiisite\framework\validators\CValidator.php(213): CInlineValidator->validateAttribute()
#1 C:\wamp\www\web\yiisite\framework\base\CModel.php(159): CInlineValidator->validate()
#2 C:\wamp\www\web\MyChoralRep\protected\controllers\SiteController.php(101): LoginForm->validate()
#3 C:\wamp\www\web\yiisite\framework\web\actions\CInlineAction.php(49): SiteController->actionLogin()
#4 C:\wamp\www\web\yiisite\framework\web\CController.php(308): CInlineAction->runWithParams()
#5 C:\wamp\www\web\yiisite\framework\web\CController.php(286): SiteController->runAction()
#6 C:\wamp\www\web\yiisite\framework\web\CController.php(265): SiteController->runActionWithFilters()
#7 C:\wamp\www\web\yiisite\framework\web\CWebApplication.php(282): SiteController->run()
#8 C:\wamp\www\web\yiisite\framework\web\CWebApplication.php(141): CWebApplication->runController()
#9 C:\wamp\www\web\yiisite\framework\base\CApplication.php(169): CWebApplication->processRequest()
#10 C:\wamp\www\web\MyChoralRep\index.php(13): CWebApplication->run()
REQUEST_URI=/web/mychoralrep/index.php?r=site/login
in C:\wamp\www\web\MyChoralRep\protected\components\UserIdentity.php (19)
in C:\wamp\www\web\MyChoralRep\protected\models\LoginForm.php (52)
in C:\wamp\www\web\MyChoralRep\protected\controllers\SiteController.php (101)
2013/02/18 19:46:39 [error] [php] Undefined index: username (C:\wamp\www\web\MyChoralRep\protected\components\UserIdentity.php:19)
Stack trace:
#0 C:\wamp\www\web\yiisite\framework\validators\CValidator.php(213): CInlineValidator->validateAttribute()
#1 C:\wamp\www\web\yiisite\framework\base\CModel.php(159): CInlineValidator->validate()
#2 C:\wamp\www\web\MyChoralRep\protected\controllers\SiteController.php(101): LoginForm->validate()
#3 C:\wamp\www\web\yiisite\framework\web\actions\CInlineAction.php(49): SiteController->actionLogin()
#4 C:\wamp\www\web\yiisite\framework\web\CController.php(308): CInlineAction->runWithParams()
#5 C:\wamp\www\web\yiisite\framework\web\CController.php(286): SiteController->runAction()
#6 C:\wamp\www\web\yiisite\framework\web\CController.php(265): SiteController->runActionWithFilters()
#7 C:\wamp\www\web\yiisite\framework\web\CWebApplication.php(282): SiteController->run()
#8 C:\wamp\www\web\yiisite\framework\web\CWebApplication.php(141): CWebApplication->runController()
#9 C:\wamp\www\web\yiisite\framework\base\CApplication.php(169): CWebApplication->processRequest()
#10 C:\wamp\www\web\MyChoralRep\index.php(13): CWebApplication->run()
REQUEST_URI=/web/mychoralrep/index.php?r=site/login
in C:\wamp\www\web\MyChoralRep\protected\components\UserIdentity.php (19)
in C:\wamp\www\web\MyChoralRep\protected\models\LoginForm.php (52)
in C:\wamp\www\web\MyChoralRep\protected\controllers\SiteController.php (101)
2013/02/18 19:48:07 [error] [php] Undefined index: username (C:\wamp\www\web\MyChoralRep\protected\components\UserIdentity.php:19)
Stack trace:
#0 C:\wamp\www\web\yiisite\framework\validators\CValidator.php(213): CInlineValidator->validateAttribute()
#1 C:\wamp\www\web\yiisite\framework\base\CModel.php(159): CInlineValidator->validate()
#2 C:\wamp\www\web\MyChoralRep\protected\controllers\SiteController.php(101): LoginForm->validate()
#3 C:\wamp\www\web\yiisite\framework\web\actions\CInlineAction.php(49): SiteController->actionLogin()
#4 C:\wamp\www\web\yiisite\framework\web\CController.php(308): CInlineAction->runWithParams()
#5 C:\wamp\www\web\yiisite\framework\web\CController.php(286): SiteController->runAction()
#6 C:\wamp\www\web\yiisite\framework\web\CController.php(265): SiteController->runActionWithFilters()
#7 C:\wamp\www\web\yiisite\framework\web\CWebApplication.php(282): SiteController->run()
#8 C:\wamp\www\web\yiisite\framework\web\CWebApplication.php(141): CWebApplication->runController()
#9 C:\wamp\www\web\yiisite\framework\base\CApplication.php(169): CWebApplication->processRequest()
#10 C:\wamp\www\web\MyChoralRep\index.php(13): CWebApplication->run()
REQUEST_URI=/web/mychoralrep/index.php?r=site/login
in C:\wamp\www\web\MyChoralRep\protected\components\UserIdentity.php (19)
in C:\wamp\www\web\MyChoralRep\protected\models\LoginForm.php (52)
in C:\wamp\www\web\MyChoralRep\protected\controllers\SiteController.php (101)
2013/02/18 19:49:26 [error] [php] Undefined index: username (C:\wamp\www\web\MyChoralRep\protected\components\UserIdentity.php:19)
Stack trace:
#0 C:\wamp\www\web\yiisite\framework\validators\CValidator.php(213): CInlineValidator->validateAttribute()
#1 C:\wamp\www\web\yiisite\framework\base\CModel.php(159): CInlineValidator->validate()
#2 C:\wamp\www\web\MyChoralRep\protected\controllers\SiteController.php(101): LoginForm->validate()
#3 C:\wamp\www\web\yiisite\framework\web\actions\CInlineAction.php(49): SiteController->actionLogin()
#4 C:\wamp\www\web\yiisite\framework\web\CController.php(308): CInlineAction->runWithParams()
#5 C:\wamp\www\web\yiisite\framework\web\CController.php(286): SiteController->runAction()
#6 C:\wamp\www\web\yiisite\framework\web\CController.php(265): SiteController->runActionWithFilters()
#7 C:\wamp\www\web\yiisite\framework\web\CWebApplication.php(282): SiteController->run()
#8 C:\wamp\www\web\yiisite\framework\web\CWebApplication.php(141): CWebApplication->runController()
#9 C:\wamp\www\web\yiisite\framework\base\CApplication.php(169): CWebApplication->processRequest()
#10 C:\wamp\www\web\MyChoralRep\index.php(13): CWebApplication->run()
REQUEST_URI=/web/mychoralrep/index.php?r=site/login
in C:\wamp\www\web\MyChoralRep\protected\components\UserIdentity.php (19)
in C:\wamp\www\web\MyChoralRep\protected\models\LoginForm.php (52)
in C:\wamp\www\web\MyChoralRep\protected\controllers\SiteController.php (101)
2013/02/18 19:51:40 [error] [php] mysql_query(): Access denied for user ''@'localhost' (using password: NO) (C:\wamp\www\web\MyChoralRep\protected\components\UserIdentity.php:25)
Stack trace:
#0 C:\wamp\www\web\yiisite\framework\validators\CInlineValidator.php(42): LoginForm->authenticate()
#1 C:\wamp\www\web\yiisite\framework\validators\CValidator.php(213): CInlineValidator->validateAttribute()
#2 C:\wamp\www\web\yiisite\framework\base\CModel.php(159): CInlineValidator->validate()
#3 C:\wamp\www\web\MyChoralRep\protected\controllers\SiteController.php(101): LoginForm->validate()
#4 C:\wamp\www\web\yiisite\framework\web\actions\CInlineAction.php(49): SiteController->actionLogin()
#5 C:\wamp\www\web\yiisite\framework\web\CController.php(308): CInlineAction->runWithParams()
#6 C:\wamp\www\web\yiisite\framework\web\CController.php(286): SiteController->runAction()
#7 C:\wamp\www\web\yiisite\framework\web\CController.php(265): SiteController->runActionWithFilters()
#8 C:\wamp\www\web\yiisite\framework\web\CWebApplication.php(282): SiteController->run()
#9 C:\wamp\www\web\yiisite\framework\web\CWebApplication.php(141): CWebApplication->runController()
#10 C:\wamp\www\web\yiisite\framework\base\CApplication.php(169): CWebApplication->processRequest()
#11 C:\wamp\www\web\MyChoralRep\index.php(13): CWebApplication->run()
REQUEST_URI=/web/mychoralrep/index.php?r=site/login
in C:\wamp\www\web\MyChoralRep\protected\components\UserIdentity.php (25)
in C:\wamp\www\web\MyChoralRep\protected\models\LoginForm.php (52)
in C:\wamp\www\web\MyChoralRep\protected\controllers\SiteController.php (101)
2013/02/18 19:52:35 [error] [php] Trying to get property of non-object (C:\wamp\www\web\MyChoralRep\protected\components\UserIdentity.php:43)
Stack trace:
#0 C:\wamp\www\web\yiisite\framework\validators\CValidator.php(213): CInlineValidator->validateAttribute()
#1 C:\wamp\www\web\yiisite\framework\base\CModel.php(159): CInlineValidator->validate()
#2 C:\wamp\www\web\MyChoralRep\protected\controllers\SiteController.php(101): LoginForm->validate()
#3 C:\wamp\www\web\yiisite\framework\web\actions\CInlineAction.php(49): SiteController->actionLogin()
#4 C:\wamp\www\web\yiisite\framework\web\CController.php(308): CInlineAction->runWithParams()
#5 C:\wamp\www\web\yiisite\framework\web\CController.php(286): SiteController->runAction()
#6 C:\wamp\www\web\yiisite\framework\web\CController.php(265): SiteController->runActionWithFilters()
#7 C:\wamp\www\web\yiisite\framework\web\CWebApplication.php(282): SiteController->run()
#8 C:\wamp\www\web\yiisite\framework\web\CWebApplication.php(141): CWebApplication->runController()
#9 C:\wamp\www\web\yiisite\framework\base\CApplication.php(169): CWebApplication->processRequest()
#10 C:\wamp\www\web\MyChoralRep\index.php(13): CWebApplication->run()
REQUEST_URI=/web/mychoralrep/index.php?r=site/login
in C:\wamp\www\web\MyChoralRep\protected\components\UserIdentity.php (43)
in C:\wamp\www\web\MyChoralRep\protected\models\LoginForm.php (52)
in C:\wamp\www\web\MyChoralRep\protected\controllers\SiteController.php (101)
2013/02/18 19:59:01 [error] [php] Trying to get property of non-object (C:\wamp\www\web\MyChoralRep\protected\components\UserIdentity.php:46)
Stack trace:
#0 C:\wamp\www\web\yiisite\framework\validators\CValidator.php(213): CInlineValidator->validateAttribute()
#1 C:\wamp\www\web\yiisite\framework\base\CModel.php(159): CInlineValidator->validate()
#2 C:\wamp\www\web\MyChoralRep\protected\controllers\SiteController.php(101): LoginForm->validate()
#3 C:\wamp\www\web\yiisite\framework\web\actions\CInlineAction.php(49): SiteController->actionLogin()
#4 C:\wamp\www\web\yiisite\framework\web\CController.php(308): CInlineAction->runWithParams()
#5 C:\wamp\www\web\yiisite\framework\web\CController.php(286): SiteController->runAction()
#6 C:\wamp\www\web\yiisite\framework\web\CController.php(265): SiteController->runActionWithFilters()
#7 C:\wamp\www\web\yiisite\framework\web\CWebApplication.php(282): SiteController->run()
#8 C:\wamp\www\web\yiisite\framework\web\CWebApplication.php(141): CWebApplication->runController()
#9 C:\wamp\www\web\yiisite\framework\base\CApplication.php(169): CWebApplication->processRequest()
#10 C:\wamp\www\web\MyChoralRep\index.php(13): CWebApplication->run()
REQUEST_URI=/web/mychoralrep/index.php?r=site/login
in C:\wamp\www\web\MyChoralRep\protected\components\UserIdentity.php (46)
in C:\wamp\www\web\MyChoralRep\protected\models\LoginForm.php (52)
in C:\wamp\www\web\MyChoralRep\protected\controllers\SiteController.php (101)
